This is pdfTeX, Version 3.141592653-2.6-1.40.24 (TeX Live 2022) (preloaded format=pdflatex 2023.3.1)  21 DEC 2023 19:39
entering extended mode
 restricted \write18 enabled.
 file:line:error style messages enabled.
 %&-line parsing enabled.
**main.tex
(./main.tex
LaTeX2e <2022-11-01> patch level 1
L3 programming layer <2023-02-22>
(/opt/texlive/texdir/texmf-dist/tex/latex/koma-script/scrartcl.cls
Document Class: scrartcl 2022/10/12 v3.38 KOMA-Script document class (article)
(/opt/texlive/texdir/texmf-dist/tex/latex/koma-script/scrkbase.sty
Package: scrkbase 2022/10/12 v3.38 KOMA-Script package (KOMA-Script-dependent b
asics and keyval usage)

(/opt/texlive/texdir/texmf-dist/tex/latex/koma-script/scrbase.sty
Package: scrbase 2022/10/12 v3.38 KOMA-Script package (KOMA-Script-independent 
basics and keyval usage)

(/opt/texlive/texdir/texmf-dist/tex/latex/koma-script/scrlfile.sty
Package: scrlfile 2022/10/12 v3.38 KOMA-Script package (file load hooks)

(/opt/texlive/texdir/texmf-dist/tex/latex/koma-script/scrlfile-hook.sty
Package: scrlfile-hook 2022/10/12 v3.38 KOMA-Script package (using LaTeX hooks)


(/opt/texlive/texdir/texmf-dist/tex/latex/koma-script/scrlogo.sty
Package: scrlogo 2022/10/12 v3.38 KOMA-Script package (logo)
)))
(/opt/texlive/texdir/texmf-dist/tex/latex/graphics/keyval.sty
Package: keyval 2022/05/29 v1.15 key=value parser (DPC)
\KV@toks@=\toks16
)
Applying: [2021/05/01] Usage of raw or classic option list on input line 252.
Already applied: [0000/00/00] Usage of raw or classic option list on input line
 368.
))
(/opt/texlive/texdir/texmf-dist/tex/latex/koma-script/tocbasic.sty
Package: tocbasic 2022/10/12 v3.38 KOMA-Script package (handling toc-files)
\scr@dte@tocline@numberwidth=\skip48
\scr@dte@tocline@numbox=\box51
)
Package tocbasic Info: omitting babel extension for `toc'
(tocbasic)             because of feature `nobabel' available
(tocbasic)             for `toc' on input line 135.
Package scrartcl Info: You've used standard option `10pt'.
(scrartcl)             This is correct!
(scrartcl)             Internally I'm using `fontsize=10pt'.
(scrartcl)             If you'd like to set the option with \KOMAoptions,
(scrartcl)             you'd have to use `fontsize=10pt' there
(scrartcl)             instead of `10pt', too.
Class scrartcl Info: File `scrsize10pt.clo' used to setup font sizes on input l
ine 2367.

(/opt/texlive/texdir/texmf-dist/tex/latex/koma-script/scrsize10pt.clo
File: scrsize10pt.clo 2022/10/12 v3.38 KOMA-Script font size class option (10pt
)
)
(/opt/texlive/texdir/texmf-dist/tex/latex/koma-script/typearea.sty
Package: typearea 2022/10/12 v3.38 KOMA-Script package (type area)
\ta@bcor=\skip49
\ta@div=\count185
Package typearea Info: You've used standard option `landscape'.
(typearea)             This is correct!
(typearea)             Internally I'm using `paper=landscape'.
(typearea)             If you'd like to set the option with \KOMAoptions,
(typearea)             you'd have to use `paper=landscape' there
(typearea)             instead of `landscape', too.
\ta@hblk=\skip50
\ta@vblk=\skip51
\ta@temp=\skip52
\footheight=\skip53
Package typearea Info: With paper sizes other than (almost) `A4' predefined
(typearea)             DIV values do not exist. Using DIV calculation for good
(typearea)             line width (unless using `version=3.24` or prior).

DIV calculation for typearea with good linewidth.

Package typearea Warning: Very low DIV value!
(typearea)                DIV values less than 6 result in textwidth/-height
(typearea)                smaller than total marginwidth/-height.
(typearea)                You should e.g. increase DIV, increase fontsize or
(typearea)                change papersize.

Package typearea Info: These are the values describing the layout:
(typearea)             DIV  = 4
(typearea)             BCOR = 0.0pt
(typearea)             \paperwidth      = 1195.01587pt
(typearea)              \textwidth      = 298.75397pt
(typearea)              DIV departure   = 9%
(typearea)              \evensidemargin = 375.86096pt
(typearea)              \oddsidemargin  = 375.86096pt
(typearea)             \paperheight     = 845.04694pt
(typearea)              \textheight     = 214.0pt
(typearea)              \topmargin      = 105.99174pt
(typearea)              \headheight     = 15.0pt
(typearea)              \headsep        = 18.0pt
(typearea)              \topskip        = 10.0pt
(typearea)              \footskip       = 42.0pt
(typearea)              \baselineskip   = 12.0pt
(typearea)              on input line 1767.
)
\c@part=\count186
\c@section=\count187
\c@subsection=\count188
\c@subsubsection=\count189
\c@paragraph=\count190
\c@subparagraph=\count191
\scr@dte@section@maxnumwidth=\skip54
Class scrartcl Info: using compatibility default `runin=bysign'
(scrartcl)           for `\section on input line 4994.
Class scrartcl Info: using compatibility default `afterindent=bysign'
(scrartcl)           for `\section on input line 4994.
\scr@dte@part@maxnumwidth=\skip55
Class scrartcl Info: using compatibility default `afterindent=false'
(scrartcl)           for `\part on input line 5002.
\scr@dte@subsection@maxnumwidth=\skip56
Class scrartcl Info: using compatibility default `runin=bysign'
(scrartcl)           for `\subsection on input line 5012.
Class scrartcl Info: using compatibility default `afterindent=bysign'
(scrartcl)           for `\subsection on input line 5012.
\scr@dte@subsubsection@maxnumwidth=\skip57
Class scrartcl Info: using compatibility default `runin=bysign'
(scrartcl)           for `\subsubsection on input line 5022.
Class scrartcl Info: using compatibility default `afterindent=bysign'
(scrartcl)           for `\subsubsection on input line 5022.
\scr@dte@paragraph@maxnumwidth=\skip58
Class scrartcl Info: using compatibility default `runin=bysign'
(scrartcl)           for `\paragraph on input line 5033.
Class scrartcl Info: using compatibility default `afterindent=bysign'
(scrartcl)           for `\paragraph on input line 5033.
\scr@dte@subparagraph@maxnumwidth=\skip59
Class scrartcl Info: using compatibility default `runin=bysign'
(scrartcl)           for `\subparagraph on input line 5043.
Class scrartcl Info: using compatibility default `afterindent=bysign'
(scrartcl)           for `\subparagraph on input line 5043.
\abovecaptionskip=\skip60
\belowcaptionskip=\skip61
\c@pti@nb@sid@b@x=\box52
Package tocbasic Info: omitting babel extension for `lof'
(tocbasic)             because of feature `nobabel' available
(tocbasic)             for `lof' on input line 6211.
\scr@dte@figure@maxnumwidth=\skip62
\c@figure=\count192
Package tocbasic Info: omitting babel extension for `lot'
(tocbasic)             because of feature `nobabel' available
(tocbasic)             for `lot' on input line 6227.
\scr@dte@table@maxnumwidth=\skip63
\c@table=\count193
Class scrartcl Info: Redefining `\numberline' on input line 6397.
\bibindent=\dimen140
) (/opt/texlive/texdir/texmf-dist/tex/generic/babel/babel.sty
Package: babel 2023/02/13 3.86 The Babel package
\babel@savecnt=\count194
\U@D=\dimen141
\l@unhyphenated=\language87

(/opt/texlive/texdir/texmf-dist/tex/generic/babel/txtbabel.def)
\bbl@readstream=\read2
\bbl@dirlevel=\count195

(/opt/texlive/texdir/texmf-dist/tex/generic/babel-german/german.ldf
Language: german 2021/02/27 v2.13 German support for babel (pre-1996 orthograph
y)

(/opt/texlive/texdir/texmf-dist/tex/generic/babel-german/germanb.ldf
Language: germanb 2021/02/27 v2.13 German support for babel (pre-1996 orthograp
hy)
Package babel Info: Making " an active character on input line 139.
)))
(/opt/texlive/texdir/texmf-dist/tex/generic/babel/locale/de/babel-german.tex
Package babel Info: Importing font and identification data for german
(babel)             from babel-de-1901.ini. Reported on input line 25.
)
(/opt/texlive/texdir/texmf-dist/tex/latex/geometry/geometry.sty
Package: geometry 2020/01/02 v5.9 Page Geometry

(/opt/texlive/texdir/texmf-dist/tex/generic/iftex/ifvtex.sty
Package: ifvtex 2019/10/25 v1.7 ifvtex legacy package. Use iftex instead.

(/opt/texlive/texdir/texmf-dist/tex/generic/iftex/iftex.sty
Package: iftex 2022/02/03 v1.0f TeX engine tests
))
\Gm@cnth=\count196
\Gm@cntv=\count197
\c@Gm@tempcnt=\count198
\Gm@bindingoffset=\dimen142
\Gm@wd@mp=\dimen143
\Gm@odd@mp=\dimen144
\Gm@even@mp=\dimen145
\Gm@layoutwidth=\dimen146
\Gm@layoutheight=\dimen147
\Gm@layouthoffset=\dimen148
\Gm@layoutvoffset=\dimen149
\Gm@dimlist=\toks17
)
(/opt/texlive/texdir/texmf-dist/tex/latex/base/inputenc.sty
Package: inputenc 2021/02/14 v1.3d Input encoding file
\inpenc@prehook=\toks18
\inpenc@posthook=\toks19
)
(/opt/texlive/texdir/texmf-dist/tex/latex/xcolor/xcolor.sty
Package: xcolor 2022/06/12 v2.14 LaTeX color extensions (UK)

(/opt/texlive/texdir/texmf-dist/tex/latex/graphics-cfg/color.cfg
File: color.cfg 2016/01/02 v1.6 sample color configuration
)
Package xcolor Info: Driver file: pdftex.def on input line 227.

(/opt/texlive/texdir/texmf-dist/tex/latex/graphics-def/pdftex.def
File: pdftex.def 2022/09/22 v1.2b Graphics/color driver for pdftex
)
(/opt/texlive/texdir/texmf-dist/tex/latex/graphics/mathcolor.ltx)
Package xcolor Info: Model `cmy' substituted by `cmy0' on input line 1353.
Package xcolor Info: Model `hsb' substituted by `rgb' on input line 1357.
Package xcolor Info: Model `RGB' extended on input line 1369.
Package xcolor Info: Model `HTML' substituted by `rgb' on input line 1371.
Package xcolor Info: Model `Hsb' substituted by `hsb' on input line 1372.
Package xcolor Info: Model `tHsb' substituted by `hsb' on input line 1373.
Package xcolor Info: Model `HSB' substituted by `hsb' on input line 1374.
Package xcolor Info: Model `Gray' substituted by `gray' on input line 1375.
Package xcolor Info: Model `wave' substituted by `hsb' on input line 1376.

(/opt/texlive/texdir/texmf-dist/tex/latex/graphics/dvipsnam.def
File: dvipsnam.def 2016/06/17 v3.0m Driver-dependent file (DPC,SPQR)
))
(/opt/texlive/texdir/texmf-dist/tex/latex/amsmath/amscd.sty
Package: amscd 2017/04/14 v2.1 AMS Commutative Diagrams

(/opt/texlive/texdir/texmf-dist/tex/latex/amsmath/amsgen.sty
File: amsgen.sty 1999/11/30 v2.0 generic functions
\@emptytoks=\toks20
\ex@=\dimen150
)
\athelp@=\toks21
\minaw@=\dimen151
\bigaw@=\dimen152
\minCDarrowwidth=\dimen153
)
(/opt/texlive/texdir/texmf-dist/tex/latex/amsmath/amsmath.sty
Package: amsmath 2022/04/08 v2.17n AMS math features
\@mathmargin=\skip64

For additional information on amsmath, use the `?' option.
(/opt/texlive/texdir/texmf-dist/tex/latex/amsmath/amstext.sty
Package: amstext 2021/08/26 v2.01 AMS text
)
(/opt/texlive/texdir/texmf-dist/tex/latex/amsmath/amsbsy.sty
Package: amsbsy 1999/11/29 v1.2d Bold Symbols
\pmbraise@=\dimen154
)
(/opt/texlive/texdir/texmf-dist/tex/latex/amsmath/amsopn.sty
Package: amsopn 2022/04/08 v2.04 operator names
)
\inf@bad=\count199
LaTeX Info: Redefining \frac on input line 234.
\uproot@=\count266
\leftroot@=\count267
LaTeX Info: Redefining \overline on input line 399.
LaTeX Info: Redefining \colon on input line 410.
\classnum@=\count268
\DOTSCASE@=\count269
LaTeX Info: Redefining \ldots on input line 496.
LaTeX Info: Redefining \dots on input line 499.
LaTeX Info: Redefining \cdots on input line 620.
\Mathstrutbox@=\box53
\strutbox@=\box54
LaTeX Info: Redefining \big on input line 722.
LaTeX Info: Redefining \Big on input line 723.
LaTeX Info: Redefining \bigg on input line 724.
LaTeX Info: Redefining \Bigg on input line 725.
\big@size=\dimen155
LaTeX Font Info:    Redeclaring font encoding OML on input line 743.
LaTeX Font Info:    Redeclaring font encoding OMS on input line 744.
\macc@depth=\count270
LaTeX Info: Redefining \bmod on input line 905.
LaTeX Info: Redefining \pmod on input line 910.
LaTeX Info: Redefining \smash on input line 940.
LaTeX Info: Redefining \relbar on input line 970.
LaTeX Info: Redefining \Relbar on input line 971.
\c@MaxMatrixCols=\count271
\dotsspace@=\muskip16
\c@parentequation=\count272
\dspbrk@lvl=\count273
\tag@help=\toks22
\row@=\count274
\column@=\count275
\maxfields@=\count276
\andhelp@=\toks23
\eqnshift@=\dimen156
\alignsep@=\dimen157
\tagshift@=\dimen158
\tagwidth@=\dimen159
\totwidth@=\dimen160
\lineht@=\dimen161
\@envbody=\toks24
\multlinegap=\skip65
\multlinetaggap=\skip66
\mathdisplay@stack=\toks25
LaTeX Info: Redefining \[ on input line 2953.
LaTeX Info: Redefining \] on input line 2954.
)
(/opt/texlive/texdir/texmf-dist/tex/latex/amsfonts/amssymb.sty
Package: amssymb 2013/01/14 v3.01 AMS font symbols

(/opt/texlive/texdir/texmf-dist/tex/latex/amsfonts/amsfonts.sty
Package: amsfonts 2013/01/14 v3.01 Basic AMSFonts support
\symAMSa=\mathgroup4
\symAMSb=\mathgroup5
LaTeX Font Info:    Redeclaring math symbol \hbar on input line 98.
LaTeX Font Info:    Overwriting math alphabet `\mathfrak' in version `bold'
(Font)                  U/euf/m/n --> U/euf/b/n on input line 106.
))
(/opt/texlive/texdir/texmf-dist/tex/latex/blindtext/blindtext.sty
Package: blindtext 2012/01/06 V2.0 blindtext-Package

(/opt/texlive/texdir/texmf-dist/tex/latex/tools/xspace.sty
Package: xspace 2014/10/28 v1.13 Space after command names (DPC,MH)
)
\c@blindtext=\count277
\c@Blindtext=\count278
\c@blind@countparstart=\count279
\blind@countxx=\count280
\blindtext@numBlindtext=\count281
\blind@countyy=\count282
\c@blindlist=\count283
\c@blindlistlevel=\count284
\c@blindlist@level=\count285
\blind@listitem=\count286
\c@blind@listcount=\count287
\c@blind@levelcount=\count288
\blind@mathformula=\count289
\blind@Mathformula=\count290
\c@blind@randomcount=\count291
\c@blind@randommax=\count292
\c@blind@pangramcount=\count293
\c@blind@pangrammax=\count294
)
(/opt/texlive/texdir/texmf-dist/tex/latex/mathtools/empheq.sty
Package: empheq 2017/03/31 v2.15 Emphasizing equations

(/opt/texlive/texdir/texmf-dist/tex/latex/mathtools/mhsetup.sty
Package: mhsetup 2021/03/18 v1.4 programming setup (MH)
)
(/opt/texlive/texdir/texmf-dist/tex/latex/mathtools/mathtools.sty
Package: mathtools 2022/06/29 v1.29 mathematical typesetting tools

(/opt/texlive/texdir/texmf-dist/tex/latex/tools/calc.sty
Package: calc 2017/05/25 v4.3 Infix arithmetic (KKT,FJ)
\calc@Acount=\count295
\calc@Bcount=\count296
\calc@Adimen=\dimen162
\calc@Bdimen=\dimen163
\calc@Askip=\skip67
\calc@Bskip=\skip68
LaTeX Info: Redefining \setlength on input line 80.
LaTeX Info: Redefining \addtolength on input line 81.
\calc@Ccount=\count297
\calc@Cskip=\skip69
)
\g_MT_multlinerow_int=\count298
\l_MT_multwidth_dim=\dimen164
\origjot=\skip70
\l_MT_shortvdotswithinadjustabove_dim=\dimen165
\l_MT_shortvdotswithinadjustbelow_dim=\dimen166
\l_MT_above_intertext_sep=\dimen167
\l_MT_below_intertext_sep=\dimen168
\l_MT_above_shortintertext_sep=\dimen169
\l_MT_below_shortintertext_sep=\dimen170
\xmathstrut@box=\box55
\xmathstrut@dim=\dimen171
)
\l_EQ_equationtype_int=\count299
\l_EQ_alignmentmode_int=\count300
\l_EQ_totalwidth_dim=\dimen172
\l_EQ_displaywidth_dim=\dimen173
\l_EQ_temp_linewidth_dim=\dimen174
\l_EQ_linewidth_dim=\dimen175
\EmphEqdelimitershortfall=\dimen176
\EmphEqdelimiterfactor=\count301
\g_EQ_toptag_height_dim=\dimen177
\g_EQ_bottomtag_depth_dim=\dimen178
\g_EQ_toprow_height_dim=\dimen179
\g_EQ_bottomrow_depth_dim=\dimen180
\g_EQ_widesttag_dim=\dimen181
\EQ_mathdisplay_box=\box56
\EQ_tag_box=\box57
\g_EQ_temprow_int=\count302
)
(/opt/texlive/texdir/texmf-dist/tex/latex/enumitem/enumitem.sty
Package: enumitem 2019/06/20 v3.9 Customized lists
\labelindent=\skip71
\enit@outerparindent=\dimen182
\enit@toks=\toks26
\enit@inbox=\box58
\enit@count@id=\count303
\enitdp@description=\count304
)
(/opt/texlive/texdir/texmf-dist/tex/latex/tools/multicol.sty
Package: multicol 2021/11/30 v1.9d multicolumn formatting (FMi)
\c@tracingmulticols=\count305
\mult@box=\box59
\multicol@leftmargin=\dimen183
\c@unbalance=\count306
\c@collectmore=\count307
\doublecol@number=\count308
\multicoltolerance=\count309
\multicolpretolerance=\count310
\full@width=\dimen184
\page@free=\dimen185
\premulticols=\dimen186
\postmulticols=\dimen187
\multicolsep=\skip72
\multicolbaselineskip=\skip73
\partial@page=\box60
\last@line=\box61
\maxbalancingoverflow=\dimen188
\mult@rightbox=\box62
\mult@grightbox=\box63
\mult@firstbox=\box64
\mult@gfirstbox=\box65
\@tempa=\box66
\@tempa=\box67
\@tempa=\box68
\@tempa=\box69
\@tempa=\box70
\@tempa=\box71
\@tempa=\box72
\@tempa=\box73
\@tempa=\box74
\@tempa=\box75
\@tempa=\box76
\@tempa=\box77
\@tempa=\box78
\@tempa=\box79
\@tempa=\box80
\@tempa=\box81
\@tempa=\box82
\@tempa=\box83
\@tempa=\box84
\@tempa=\box85
\@tempa=\box86
\@tempa=\box87
\@tempa=\box88
\@tempa=\box89
\@tempa=\box90
\@tempa=\box91
\@tempa=\box92
\@tempa=\box93
\@tempa=\box94
\@tempa=\box95
\@tempa=\box96
\@tempa=\box97
\@tempa=\box98
\@tempa=\box99
\@tempa=\box100
\@tempa=\box101
\c@minrows=\count311
\c@columnbadness=\count312
\c@finalcolumnbadness=\count313
\last@try=\dimen189
\multicolovershoot=\dimen190
\multicolundershoot=\dimen191
\mult@nat@firstbox=\box102
\colbreak@box=\box103
\mc@col@check@num=\count314
)

Class scrartcl Warning: Usage of package `parskip' together
(scrartcl)              with a KOMA-Script class is not recommended.
(scrartcl)              I'd suggest to use option
(scrartcl)              `parskip' with one of it's several values.
(scrartcl)              Nevertheless, using requested
(scrartcl)              package `parskip' on input line 8.

(/opt/texlive/texdir/texmf-dist/tex/latex/parskip/parskip.sty
Package: parskip 2021-03-14 v2.0h non-zero parskip adjustments

(/opt/texlive/texdir/texmf-dist/tex/latex/kvoptions/kvoptions.sty
Package: kvoptions 2022-06-15 v3.15 Key value format for package options (HO)

(/opt/texlive/texdir/texmf-dist/tex/generic/ltxcmds/ltxcmds.sty
Package: ltxcmds 2020-05-10 v1.25 LaTeX kernel commands for general use (HO)
)
(/opt/texlive/texdir/texmf-dist/tex/latex/kvsetkeys/kvsetkeys.sty
Package: kvsetkeys 2022-10-05 v1.19 Key value parser (HO)
))
(/opt/texlive/texdir/texmf-dist/tex/latex/etoolbox/etoolbox.sty
Package: etoolbox 2020/10/05 v2.5k e-TeX tools for LaTeX (JAW)
\etb@tempcnta=\count315
)
Couldn't patch \@startsection
) (/opt/texlive/texdir/texmf-dist/tex/latex/graphics/graphicx.sty
Package: graphicx 2021/09/16 v1.2d Enhanced LaTeX Graphics (DPC,SPQR)

(/opt/texlive/texdir/texmf-dist/tex/latex/graphics/graphics.sty
Package: graphics 2022/03/10 v1.4e Standard LaTeX Graphics (DPC,SPQR)

(/opt/texlive/texdir/texmf-dist/tex/latex/graphics/trig.sty
Package: trig 2021/08/11 v1.11 sin cos tan (DPC)
)
(/opt/texlive/texdir/texmf-dist/tex/latex/graphics-cfg/graphics.cfg
File: graphics.cfg 2016/06/04 v1.11 sample graphics configuration
)
Package graphics Info: Driver file: pdftex.def on input line 107.
)
\Gin@req@height=\dimen192
\Gin@req@width=\dimen193
)
(/opt/texlive/texdir/texmf-dist/tex/latex/pgf/frontendlayer/tikz.sty
(/opt/texlive/texdir/texmf-dist/tex/latex/pgf/basiclayer/pgf.sty
(/opt/texlive/texdir/texmf-dist/tex/latex/pgf/utilities/pgfrcs.sty
(/opt/texlive/texdir/texmf-dist/tex/generic/pgf/utilities/pgfutil-common.tex
\pgfutil@everybye=\toks27
\pgfutil@tempdima=\dimen194
\pgfutil@tempdimb=\dimen195
)
(/opt/texlive/texdir/texmf-dist/tex/generic/pgf/utilities/pgfutil-latex.def
\pgfutil@abb=\box104
)
(/opt/texlive/texdir/texmf-dist/tex/generic/pgf/utilities/pgfrcs.code.tex
(/opt/texlive/texdir/texmf-dist/tex/generic/pgf/pgf.revision.tex)
Package: pgfrcs 2023-01-15 v3.1.10 (3.1.10)
))
Package: pgf 2023-01-15 v3.1.10 (3.1.10)

(/opt/texlive/texdir/texmf-dist/tex/latex/pgf/basiclayer/pgfcore.sty
(/opt/texlive/texdir/texmf-dist/tex/latex/pgf/systemlayer/pgfsys.sty
(/opt/texlive/texdir/texmf-dist/tex/generic/pgf/systemlayer/pgfsys.code.tex
Package: pgfsys 2023-01-15 v3.1.10 (3.1.10)

(/opt/texlive/texdir/texmf-dist/tex/generic/pgf/utilities/pgfkeys.code.tex
\pgfkeys@pathtoks=\toks28
\pgfkeys@temptoks=\toks29

(/opt/texlive/texdir/texmf-dist/tex/generic/pgf/utilities/pgfkeyslibraryfiltere
d.code.tex
\pgfkeys@tmptoks=\toks30
))
\pgf@x=\dimen196
\pgf@y=\dimen197
\pgf@xa=\dimen198
\pgf@ya=\dimen199
\pgf@xb=\dimen256
\pgf@yb=\dimen257
\pgf@xc=\dimen258
\pgf@yc=\dimen259
\pgf@xd=\dimen260
\pgf@yd=\dimen261
\w@pgf@writea=\write3
\r@pgf@reada=\read3
\c@pgf@counta=\count316
\c@pgf@countb=\count317
\c@pgf@countc=\count318
\c@pgf@countd=\count319
\t@pgf@toka=\toks31
\t@pgf@tokb=\toks32
\t@pgf@tokc=\toks33
\pgf@sys@id@count=\count320

(/opt/texlive/texdir/texmf-dist/tex/generic/pgf/systemlayer/pgf.cfg
File: pgf.cfg 2023-01-15 v3.1.10 (3.1.10)
)
Driver file for pgf: pgfsys-pdftex.def

(/opt/texlive/texdir/texmf-dist/tex/generic/pgf/systemlayer/pgfsys-pdftex.def
File: pgfsys-pdftex.def 2023-01-15 v3.1.10 (3.1.10)

(/opt/texlive/texdir/texmf-dist/tex/generic/pgf/systemlayer/pgfsys-common-pdf.d
ef
File: pgfsys-common-pdf.def 2023-01-15 v3.1.10 (3.1.10)
)))
(/opt/texlive/texdir/texmf-dist/tex/generic/pgf/systemlayer/pgfsyssoftpath.code
.tex
File: pgfsyssoftpath.code.tex 2023-01-15 v3.1.10 (3.1.10)
\pgfsyssoftpath@smallbuffer@items=\count321
\pgfsyssoftpath@bigbuffer@items=\count322
)
(/opt/texlive/texdir/texmf-dist/tex/generic/pgf/systemlayer/pgfsysprotocol.code
.tex
File: pgfsysprotocol.code.tex 2023-01-15 v3.1.10 (3.1.10)
))
(/opt/texlive/texdir/texmf-dist/tex/generic/pgf/basiclayer/pgfcore.code.tex
Package: pgfcore 2023-01-15 v3.1.10 (3.1.10)

(/opt/texlive/texdir/texmf-dist/tex/generic/pgf/math/pgfmath.code.tex
(/opt/texlive/texdir/texmf-dist/tex/generic/pgf/math/pgfmathutil.code.tex)
(/opt/texlive/texdir/texmf-dist/tex/generic/pgf/math/pgfmathparser.code.tex
\pgfmath@dimen=\dimen262
\pgfmath@count=\count323
\pgfmath@box=\box105
\pgfmath@toks=\toks34
\pgfmath@stack@operand=\toks35
\pgfmath@stack@operation=\toks36
)
(/opt/texlive/texdir/texmf-dist/tex/generic/pgf/math/pgfmathfunctions.code.tex)

(/opt/texlive/texdir/texmf-dist/tex/generic/pgf/math/pgfmathfunctions.basic.cod
e.tex)
(/opt/texlive/texdir/texmf-dist/tex/generic/pgf/math/pgfmathfunctions.trigonome
tric.code.tex)
(/opt/texlive/texdir/texmf-dist/tex/generic/pgf/math/pgfmathfunctions.random.co
de.tex)
(/opt/texlive/texdir/texmf-dist/tex/generic/pgf/math/pgfmathfunctions.compariso
n.code.tex)
(/opt/texlive/texdir/texmf-dist/tex/generic/pgf/math/pgfmathfunctions.base.code
.tex)
(/opt/texlive/texdir/texmf-dist/tex/generic/pgf/math/pgfmathfunctions.round.cod
e.tex)
(/opt/texlive/texdir/texmf-dist/tex/generic/pgf/math/pgfmathfunctions.misc.code
.tex)
(/opt/texlive/texdir/texmf-dist/tex/generic/pgf/math/pgfmathfunctions.integerar
ithmetics.code.tex)
(/opt/texlive/texdir/texmf-dist/tex/generic/pgf/math/pgfmathcalc.code.tex)
(/opt/texlive/texdir/texmf-dist/tex/generic/pgf/math/pgfmathfloat.code.tex
\c@pgfmathroundto@lastzeros=\count324
))
(/opt/texlive/texdir/texmf-dist/tex/generic/pgf/math/pgfint.code.tex)
(/opt/texlive/texdir/texmf-dist/tex/generic/pgf/basiclayer/pgfcorepoints.code.t
ex
File: pgfcorepoints.code.tex 2023-01-15 v3.1.10 (3.1.10)
\pgf@picminx=\dimen263
\pgf@picmaxx=\dimen264
\pgf@picminy=\dimen265
\pgf@picmaxy=\dimen266
\pgf@pathminx=\dimen267
\pgf@pathmaxx=\dimen268
\pgf@pathminy=\dimen269
\pgf@pathmaxy=\dimen270
\pgf@xx=\dimen271
\pgf@xy=\dimen272
\pgf@yx=\dimen273
\pgf@yy=\dimen274
\pgf@zx=\dimen275
\pgf@zy=\dimen276
)
(/opt/texlive/texdir/texmf-dist/tex/generic/pgf/basiclayer/pgfcorepathconstruct
.code.tex
File: pgfcorepathconstruct.code.tex 2023-01-15 v3.1.10 (3.1.10)
\pgf@path@lastx=\dimen277
\pgf@path@lasty=\dimen278
)
(/opt/texlive/texdir/texmf-dist/tex/generic/pgf/basiclayer/pgfcorepathusage.cod
e.tex
File: pgfcorepathusage.code.tex 2023-01-15 v3.1.10 (3.1.10)
\pgf@shorten@end@additional=\dimen279
\pgf@shorten@start@additional=\dimen280
)
(/opt/texlive/texdir/texmf-dist/tex/generic/pgf/basiclayer/pgfcorescopes.code.t
ex
File: pgfcorescopes.code.tex 2023-01-15 v3.1.10 (3.1.10)
\pgfpic=\box106
\pgf@hbox=\box107
\pgf@layerbox@main=\box108
\pgf@picture@serial@count=\count325
)
(/opt/texlive/texdir/texmf-dist/tex/generic/pgf/basiclayer/pgfcoregraphicstate.
code.tex
File: pgfcoregraphicstate.code.tex 2023-01-15 v3.1.10 (3.1.10)
\pgflinewidth=\dimen281
)
(/opt/texlive/texdir/texmf-dist/tex/generic/pgf/basiclayer/pgfcoretransformatio
ns.code.tex
File: pgfcoretransformations.code.tex 2023-01-15 v3.1.10 (3.1.10)
\pgf@pt@x=\dimen282
\pgf@pt@y=\dimen283
\pgf@pt@temp=\dimen284
)
(/opt/texlive/texdir/texmf-dist/tex/generic/pgf/basiclayer/pgfcorequick.code.te
x
File: pgfcorequick.code.tex 2023-01-15 v3.1.10 (3.1.10)
)
(/opt/texlive/texdir/texmf-dist/tex/generic/pgf/basiclayer/pgfcoreobjects.code.
tex
File: pgfcoreobjects.code.tex 2023-01-15 v3.1.10 (3.1.10)
)
(/opt/texlive/texdir/texmf-dist/tex/generic/pgf/basiclayer/pgfcorepathprocessin
g.code.tex
File: pgfcorepathprocessing.code.tex 2023-01-15 v3.1.10 (3.1.10)
)
(/opt/texlive/texdir/texmf-dist/tex/generic/pgf/basiclayer/pgfcorearrows.code.t
ex
File: pgfcorearrows.code.tex 2023-01-15 v3.1.10 (3.1.10)
\pgfarrowsep=\dimen285
)
(/opt/texlive/texdir/texmf-dist/tex/generic/pgf/basiclayer/pgfcoreshade.code.te
x
File: pgfcoreshade.code.tex 2023-01-15 v3.1.10 (3.1.10)
\pgf@max=\dimen286
\pgf@sys@shading@range@num=\count326
\pgf@shadingcount=\count327
)
(/opt/texlive/texdir/texmf-dist/tex/generic/pgf/basiclayer/pgfcoreimage.code.te
x
File: pgfcoreimage.code.tex 2023-01-15 v3.1.10 (3.1.10)
)
(/opt/texlive/texdir/texmf-dist/tex/generic/pgf/basiclayer/pgfcoreexternal.code
.tex
File: pgfcoreexternal.code.tex 2023-01-15 v3.1.10 (3.1.10)
\pgfexternal@startupbox=\box109
)
(/opt/texlive/texdir/texmf-dist/tex/generic/pgf/basiclayer/pgfcorelayers.code.t
ex
File: pgfcorelayers.code.tex 2023-01-15 v3.1.10 (3.1.10)
)
(/opt/texlive/texdir/texmf-dist/tex/generic/pgf/basiclayer/pgfcoretransparency.
code.tex
File: pgfcoretransparency.code.tex 2023-01-15 v3.1.10 (3.1.10)
)
(/opt/texlive/texdir/texmf-dist/tex/generic/pgf/basiclayer/pgfcorepatterns.code
.tex
File: pgfcorepatterns.code.tex 2023-01-15 v3.1.10 (3.1.10)
)
(/opt/texlive/texdir/texmf-dist/tex/generic/pgf/basiclayer/pgfcorerdf.code.tex
File: pgfcorerdf.code.tex 2023-01-15 v3.1.10 (3.1.10)
)))
(/opt/texlive/texdir/texmf-dist/tex/generic/pgf/modules/pgfmoduleshapes.code.te
x
File: pgfmoduleshapes.code.tex 2023-01-15 v3.1.10 (3.1.10)
\pgfnodeparttextbox=\box110
)
(/opt/texlive/texdir/texmf-dist/tex/generic/pgf/modules/pgfmoduleplot.code.tex
File: pgfmoduleplot.code.tex 2023-01-15 v3.1.10 (3.1.10)
)
(/opt/texlive/texdir/texmf-dist/tex/latex/pgf/compatibility/pgfcomp-version-0-6
5.sty
Package: pgfcomp-version-0-65 2023-01-15 v3.1.10 (3.1.10)
\pgf@nodesepstart=\dimen287
\pgf@nodesepend=\dimen288
)
(/opt/texlive/texdir/texmf-dist/tex/latex/pgf/compatibility/pgfcomp-version-1-1
8.sty
Package: pgfcomp-version-1-18 2023-01-15 v3.1.10 (3.1.10)
)) (/opt/texlive/texdir/texmf-dist/tex/latex/pgf/utilities/pgffor.sty
(/opt/texlive/texdir/texmf-dist/tex/latex/pgf/utilities/pgfkeys.sty
(/opt/texlive/texdir/texmf-dist/tex/generic/pgf/utilities/pgfkeys.code.tex))
(/opt/texlive/texdir/texmf-dist/tex/latex/pgf/math/pgfmath.sty
(/opt/texlive/texdir/texmf-dist/tex/generic/pgf/math/pgfmath.code.tex))
(/opt/texlive/texdir/texmf-dist/tex/generic/pgf/utilities/pgffor.code.tex
Package: pgffor 2023-01-15 v3.1.10 (3.1.10)
\pgffor@iter=\dimen289
\pgffor@skip=\dimen290
\pgffor@stack=\toks37
\pgffor@toks=\toks38
))
(/opt/texlive/texdir/texmf-dist/tex/generic/pgf/frontendlayer/tikz/tikz.code.te
x
Package: tikz 2023-01-15 v3.1.10 (3.1.10)

(/opt/texlive/texdir/texmf-dist/tex/generic/pgf/libraries/pgflibraryplothandler
s.code.tex
File: pgflibraryplothandlers.code.tex 2023-01-15 v3.1.10 (3.1.10)
\pgf@plot@mark@count=\count328
\pgfplotmarksize=\dimen291
)
\tikz@lastx=\dimen292
\tikz@lasty=\dimen293
\tikz@lastxsaved=\dimen294
\tikz@lastysaved=\dimen295
\tikz@lastmovetox=\dimen296
\tikz@lastmovetoy=\dimen297
\tikzleveldistance=\dimen298
\tikzsiblingdistance=\dimen299
\tikz@figbox=\box111
\tikz@figbox@bg=\box112
\tikz@tempbox=\box113
\tikz@tempbox@bg=\box114
\tikztreelevel=\count329
\tikznumberofchildren=\count330
\tikznumberofcurrentchild=\count331
\tikz@fig@count=\count332

(/opt/texlive/texdir/texmf-dist/tex/generic/pgf/modules/pgfmodulematrix.code.te
x
File: pgfmodulematrix.code.tex 2023-01-15 v3.1.10 (3.1.10)
\pgfmatrixcurrentrow=\count333
\pgfmatrixcurrentcolumn=\count334
\pgf@matrix@numberofcolumns=\count335
)
\tikz@expandcount=\count336

(/opt/texlive/texdir/texmf-dist/tex/generic/pgf/frontendlayer/tikz/libraries/ti
kzlibrarytopaths.code.tex
File: tikzlibrarytopaths.code.tex 2023-01-15 v3.1.10 (3.1.10)
)))
(/opt/texlive/texdir/texmf-dist/tex/latex/esint/esint.sty
Package: esint 
\symlargesymbolsA=\mathgroup6
)
(/opt/texlive/texdir/texmf-dist/tex/latex/wrapfig/wrapfig.sty
\wrapoverhang=\dimen300
\WF@size=\dimen301
\c@WF@wrappedlines=\count337
\WF@box=\box115
\WF@everypar=\toks39
Package: wrapfig 2003/01/31  v 3.6
)
(/opt/texlive/texdir/texmf-dist/tex/latex/setspace/setspace.sty
Package: setspace 2022/12/04 v6.7b set line spacing
)
(/opt/texlive/texdir/texmf-dist/tex/latex/trfsigns/trfsigns.sty
Package: trfsigns 
)
(/opt/texlive/texdir/texmf-dist/tex/latex/cmbright/cmbright.sty
Package: cmbright 2005/04/13 v8.1 (WaS)
LaTeX Font Info:    Redeclaring symbol font `operators' on input line 29.
LaTeX Font Info:    Overwriting symbol font `operators' in version `normal'
(Font)                  OT1/cmr/m/n --> OT1/cmbr/m/n on input line 29.
LaTeX Font Info:    Overwriting symbol font `operators' in version `bold'
(Font)                  OT1/cmr/bx/n --> OT1/cmbr/m/n on input line 29.
LaTeX Font Info:    Redeclaring symbol font `letters' on input line 30.
LaTeX Font Info:    Overwriting symbol font `letters' in version `normal'
(Font)                  OML/cmm/m/it --> OML/cmbrm/m/it on input line 30.
LaTeX Font Info:    Overwriting symbol font `letters' in version `bold'
(Font)                  OML/cmm/b/it --> OML/cmbrm/m/it on input line 30.
LaTeX Font Info:    Overwriting symbol font `letters' in version `bold'
(Font)                  OML/cmbrm/m/it --> OML/cmbrm/b/it on input line 31.
LaTeX Font Info:    Redeclaring symbol font `symbols' on input line 32.
LaTeX Font Info:    Overwriting symbol font `symbols' in version `normal'
(Font)                  OMS/cmsy/m/n --> OMS/cmbrs/m/n on input line 32.
LaTeX Font Info:    Overwriting symbol font `symbols' in version `bold'
(Font)                  OMS/cmsy/b/n --> OMS/cmbrs/m/n on input line 32.
LaTeX Font Info:    Redeclaring math alphabet \mathit on input line 33.
LaTeX Font Info:    Overwriting math alphabet `\mathit' in version `normal'
(Font)                  OT1/cmr/m/it --> OT1/cmbr/m/sl on input line 33.
LaTeX Font Info:    Overwriting math alphabet `\mathit' in version `bold'
(Font)                  OT1/cmr/bx/it --> OT1/cmbr/m/sl on input line 33.
LaTeX Font Info:    Redeclaring math alphabet \mathbf on input line 34.
LaTeX Font Info:    Overwriting math alphabet `\mathbf' in version `normal'
(Font)                  OT1/cmr/bx/n --> OT1/cmbr/bx/n on input line 34.
LaTeX Font Info:    Overwriting math alphabet `\mathbf' in version `bold'
(Font)                  OT1/cmr/bx/n --> OT1/cmbr/bx/n on input line 34.
LaTeX Font Info:    Redeclaring math alphabet \mathtt on input line 35.
LaTeX Font Info:    Overwriting math alphabet `\mathtt' in version `normal'
(Font)                  OT1/cmtt/m/n --> OT1/cmtl/m/n on input line 35.
LaTeX Font Info:    Overwriting math alphabet `\mathtt' in version `bold'
(Font)                  OT1/cmtt/m/n --> OT1/cmtl/m/n on input line 35.
LaTeX Font Info:    Redeclaring math symbol \alpha on input line 37.
LaTeX Font Info:    Redeclaring math symbol \beta on input line 38.
LaTeX Font Info:    Redeclaring math symbol \gamma on input line 39.
LaTeX Font Info:    Redeclaring math symbol \delta on input line 40.
LaTeX Font Info:    Redeclaring math symbol \epsilon on input line 41.
LaTeX Font Info:    Redeclaring math symbol \zeta on input line 42.
LaTeX Font Info:    Redeclaring math symbol \eta on input line 43.
LaTeX Font Info:    Redeclaring math symbol \theta on input line 44.
LaTeX Font Info:    Redeclaring math symbol \iota on input line 45.
LaTeX Font Info:    Redeclaring math symbol \kappa on input line 46.
LaTeX Font Info:    Redeclaring math symbol \lambda on input line 47.
LaTeX Font Info:    Redeclaring math symbol \mu on input line 48.
LaTeX Font Info:    Redeclaring math symbol \nu on input line 49.
LaTeX Font Info:    Redeclaring math symbol \xi on input line 50.
LaTeX Font Info:    Redeclaring math symbol \pi on input line 51.
LaTeX Font Info:    Redeclaring math symbol \rho on input line 52.
LaTeX Font Info:    Redeclaring math symbol \sigma on input line 53.
LaTeX Font Info:    Redeclaring math symbol \tau on input line 54.
LaTeX Font Info:    Redeclaring math symbol \upsilon on input line 55.
LaTeX Font Info:    Redeclaring math symbol \phi on input line 56.
LaTeX Font Info:    Redeclaring math symbol \chi on input line 57.
LaTeX Font Info:    Redeclaring math symbol \psi on input line 58.
LaTeX Font Info:    Redeclaring math symbol \omega on input line 59.
LaTeX Font Info:    Redeclaring math symbol \varepsilon on input line 60.
LaTeX Font Info:    Redeclaring math symbol \vartheta on input line 61.
LaTeX Font Info:    Redeclaring math symbol \varpi on input line 62.
LaTeX Font Info:    Redeclaring math symbol \varrho on input line 63.
LaTeX Font Info:    Redeclaring math symbol \varsigma on input line 64.
LaTeX Font Info:    Redeclaring math symbol \varphi on input line 65.
LaTeX Info: Redefining \LaTeX on input line 129.
LaTeX Info: Redefining \LaTeXe on input line 139.
LaTeX Font Info:    Trying to load font information for OT1+cmbr on input line 
144.

(/opt/texlive/texdir/texmf-dist/tex/latex/cmbright/ot1cmbr.fd
File: ot1cmbr.fd 2005/04/13 v8.1 (WaS)
))
(/opt/texlive/texdir/texmf-dist/tex/latex/tools/bm.sty
Package: bm 2022/01/05 v1.2f Bold Symbol Support (DPC/FMi)
Package bm Info: No bold for \OT1/cmbr/m/n, using \pmb.
\symboldletters=\mathgroup7
Package bm Info: No bold for \OMS/cmbrs/m/n, using \pmb.
Package bm Info: No bold for \OMX/cmex/m/n, using \pmb.
Package bm Info: No bold for \U/msa/m/n, using \pmb.
Package bm Info: No bold for \U/msb/m/n, using \pmb.
Package bm Info: No bold for \U/esint/m/n, using \pmb.
)
(/opt/texlive/texdir/texmf-dist/tex/latex/esvect/esvect.sty
Package: esvect 
\symesvector=\mathgroup8
)
(/opt/texlive/texdir/texmf-dist/tex/latex/makecell/makecell.sty
Package: makecell 2009/08/03 V0.1e Managing of Tab Column Heads and Cells

(/opt/texlive/texdir/texmf-dist/tex/latex/tools/array.sty
Package: array 2022/09/04 v2.5g Tabular extension package (FMi)
\col@sep=\dimen302
\ar@mcellbox=\box116
\extrarowheight=\dimen303
\NC@list=\toks40
\extratabsurround=\skip74
\backup@length=\skip75
\ar@cellbox=\box117
)
\rotheadsize=\dimen304
\c@nlinenum=\count338
\TeXr@lab=\toks41
)
LaTeX Font Info:    Redeclaring symbol font `letters' on input line 116.
LaTeX Font Info:    Overwriting symbol font `letters' in version `normal'
(Font)                  OML/cmbrm/m/it --> OML/ztmcm/m/it on input line 116.
LaTeX Font Info:    Overwriting symbol font `letters' in version `bold'
(Font)                  OML/cmbrm/b/it --> OML/ztmcm/m/it on input line 116.

(/opt/texlive/texdir/texmf-dist/tex/latex/l3backend/l3backend-pdftex.def
File: l3backend-pdftex.def 2023-01-16 L3 backend support: PDF output (pdfTeX)
\l__color_backend_stack_int=\count339
\l__pdf_internal_box=\box118
)
(./main.aux)
\openout1 = `main.aux'.

LaTeX Font Info:    Checking defaults for OML/cmm/m/it on input line 120.
LaTeX Font Info:    ... okay on input line 120.
LaTeX Font Info:    Checking defaults for OMS/cmsy/m/n on input line 120.
LaTeX Font Info:    ... okay on input line 120.
LaTeX Font Info:    Checking defaults for OT1/cmr/m/n on input line 120.
LaTeX Font Info:    ... okay on input line 120.
LaTeX Font Info:    Checking defaults for T1/cmr/m/n on input line 120.
LaTeX Font Info:    ... okay on input line 120.
LaTeX Font Info:    Checking defaults for TS1/cmr/m/n on input line 120.
LaTeX Font Info:    ... okay on input line 120.
LaTeX Font Info:    Checking defaults for OMX/cmex/m/n on input line 120.
LaTeX Font Info:    ... okay on input line 120.
LaTeX Font Info:    Checking defaults for U/cmr/m/n on input line 120.
LaTeX Font Info:    ... okay on input line 120.

*geometry* driver: auto-detecting
*geometry* detected driver: pdftex
*geometry* verbose mode - [ preamble ] result:
* driver: pdftex
* paper: a3paper
* layout: <same size as paper>
* layoutoffset:(h,v)=(0.0pt,0.0pt)
* modes: landscape 
* h-part:(L,W,R)=(28.45274pt, 1138.11026pt, 28.45274pt)
* v-part:(T,H,B)=(28.45274pt, 788.14136pt, 28.45274pt)
* \paperwidth=1195.01575pt
* \paperheight=845.04684pt
* \textwidth=1138.11026pt
* \textheight=788.14136pt
* \oddsidemargin=-43.81725pt
* \evensidemargin=-43.81725pt
* \topmargin=-76.81725pt
* \headheight=15.0pt
* \headsep=18.0pt
* \topskip=10.0pt
* \footskip=42.0pt
* \marginparwidth=298.75397pt
* \marginparsep=12.8401pt
* \columnsep=10.0pt
* \skip\footins=9.0pt plus 4.0pt minus 2.0pt
* \hoffset=0.0pt
* \voffset=0.0pt
* \mag=1000
* \@twocolumnfalse
* \@twosidefalse
* \@mparswitchfalse
* \@reversemarginfalse
* (1in=72.27pt=25.4mm, 1cm=28.453pt)

(/opt/texlive/texdir/texmf-dist/tex/context/base/mkii/supp-pdf.mkii
[Loading MPS to PDF converter (version 2006.09.02).]
\scratchcounter=\count340
\scratchdimen=\dimen305
\scratchbox=\box119
\nofMPsegments=\count341
\nofMParguments=\count342
\everyMPshowfont=\toks42
\MPscratchCnt=\count343
\MPscratchDim=\dimen306
\MPnumerator=\count344
\makeMPintoPDFobject=\count345
\everyMPtoPDFconversion=\toks43
) (/opt/texlive/texdir/texmf-dist/tex/latex/epstopdf-pkg/epstopdf-base.sty
Package: epstopdf-base 2020-01-24 v2.11 Base part for package epstopdf
Package epstopdf-base Info: Redefining graphics rule for `.eps' on input line 4
85.

(/opt/texlive/texdir/texmf-dist/tex/latex/latexconfig/epstopdf-sys.cfg
File: epstopdf-sys.cfg 2010/07/13 v1.3 Configuration of (r)epstopdf for TeX Liv
e
))
\Hy@linkcounter=\count346
LaTeX Font Info:    Font shape `OT1/cmbr/b/n' in size <10> not available
(Font)              Font shape `OT1/cmbr/bx/n' tried instead on input line 126.

LaTeX Font Info:    Font shape `OT1/cmbr/b/n' in size <14.4> not available
(Font)              Font shape `OT1/cmbr/bx/n' tried instead on input line 126.

LaTeX Font Info:    Trying to load font information for OML+ztmcm on input line
 126.

(/opt/texlive/texdir/texmf-dist/tex/latex/psnfss/omlztmcm.fd
File: omlztmcm.fd 2000/01/03 Fontinst v1.801 font definitions for OML/ztmcm.
)
LaTeX Font Info:    Trying to load font information for OMS+cmbrs on input line
 126.

(/opt/texlive/texdir/texmf-dist/tex/latex/cmbright/omscmbrs.fd
File: omscmbrs.fd 2005/04/13 v8.1 (WaS)
)
LaTeX Font Info:    Trying to load font information for U+esint on input line 1
26.

(/opt/texlive/texdir/texmf-dist/tex/latex/esint/uesint.fd
File: uesint.fd 
)
LaTeX Font Info:    Trying to load font information for OML+cmbrm on input line
 126.

(/opt/texlive/texdir/texmf-dist/tex/latex/cmbright/omlcmbrm.fd
File: omlcmbrm.fd 2005/04/13 v8.1 (WaS)
)
LaTeX Font Info:    Trying to load font information for U+esvect on input line 
126.

(/opt/texlive/texdir/texmf-dist/tex/latex/esvect/uesvect.fd
File: uesvect.fd 
)
Overfull \hbox (6.90224pt too wide) in paragraph at lines 126--126
[][][][][][][][] 
 []


Underfull \hbox (badness 10000) in paragraph at lines 128--129

 []


Underfull \hbox (badness 10000) in paragraph at lines 130--131

 []

[1

{/opt/texlive/texdir/texmf-var/fonts/map/pdftex/updmap/pdftex.map}]
Overfull \hbox (6.90224pt too wide) in paragraph at lines 138--138
[][][][][][][][][] 
 []


Overfull \hbox (6.9667pt too wide) in paragraph at lines 140--140
[][][][][][][][][] 
 []


Overfull \hbox (6.9667pt too wide) in paragraph at lines 142--142
[][][][][][][][][] 
 []


Underfull \hbox (badness 10000) in paragraph at lines 145--161

 []

LaTeX Font Info:    Trying to load font information for OT1+cmtl on input line 
163.
(/opt/texlive/texdir/texmf-dist/tex/latex/cmbright/ot1cmtl.fd
File: ot1cmtl.fd 2005/04/13 v8.1 (WaS)
)
Overfull \hbox (6.9667pt too wide) in paragraph at lines 166--166
[][][][][][][][][] 
 []


Overfull \hbox (6.9667pt too wide) in paragraph at lines 168--168
[][][][][][][][][] 
 []


Overfull \hbox (6.9667pt too wide) in paragraph at lines 178--178
[][][][][][][][][] 
 []

LaTeX Font Info:    Trying to load font information for TS1+cmbr on input line 
182.
(/opt/texlive/texdir/texmf-dist/tex/latex/cmbright/ts1cmbr.fd
File: ts1cmbr.fd 2005/04/13 v8.1 (WaS)
)
Overfull \hbox (6.9667pt too wide) in paragraph at lines 188--188
[][][][][][][][][] 
 []


Overfull \hbox (6.9667pt too wide) in paragraph at lines 219--219
[][][][][][][][][] 
 []


Overfull \hbox (6.9667pt too wide) in paragraph at lines 227--227
[][][][][][][][][] 
 []


Overfull \hbox (6.9667pt too wide) in paragraph at lines 237--237
[][][][][][][][][] 
 []


Overfull \hbox (6.9667pt too wide) in paragraph at lines 243--243
[][][][][][][][][] 
 []


Overfull \hbox (6.9667pt too wide) in paragraph at lines 245--245
[][][][][][][][][] 
 []


Overfull \hbox (6.9667pt too wide) in paragraph at lines 249--249
[][][][][][][][][] 
 []


Overfull \hbox (6.9667pt too wide) in paragraph at lines 254--254
[][][][][][][][][] 
 []


Overfull \hbox (6.9667pt too wide) in paragraph at lines 256--256
[][][][][][][][][] 
 []


Overfull \hbox (6.9667pt too wide) in paragraph at lines 293--293
[][][][][][][][][] 
 []


Overfull \hbox (6.9667pt too wide) in paragraph at lines 309--309
[][][][][][][][][] 
 []


Overfull \hbox (6.9667pt too wide) in paragraph at lines 320--320
[][][][][][][][][] 
 []


Overfull \hbox (6.9667pt too wide) in paragraph at lines 328--328
[][][][][][][][][] 
 []


Underfull \hbox (badness 10000) in paragraph at lines 330--330
[]|\OT1/cmbr/m/n/10 Dezimal
 []


Overfull \hbox (3.88724pt too wide) in paragraph at lines 331--331
|[][]
 []


Overfull \hbox (9.80147pt too wide) in paragraph at lines 329--337
[] 
 []


Overfull \hbox (6.9667pt too wide) in paragraph at lines 338--338
[][][][][][][][][] 
 []


Overfull \hbox (6.9667pt too wide) in paragraph at lines 343--343
[][][][][][][][][] 
 []


Overfull \hbox (6.90224pt too wide) in paragraph at lines 351--351
[][][][][][][][][] 
 []


Overfull \hbox (6.9667pt too wide) in paragraph at lines 353--353
[][][][][][][][][] 
 []

LaTeX Font Info:    Trying to load font information for OMS+cmtl on input line 
365.
LaTeX Font Info:    No file OMScmtl.fd. on input line 365.

LaTeX Font Warning: Font shape `OMS/cmtl/m/n' undefined
(Font)              using `OMS/cmsy/m/n' instead
(Font)              for symbol `textbraceleft' on input line 365.


Underfull \hbox (badness 10000) in paragraph at lines 365--366

 []


Underfull \hbox (badness 10000) in paragraph at lines 365--366

 []


Overfull \hbox (6.9667pt too wide) in paragraph at lines 366--366
[][][][][][][][][] 
 []


Underfull \hbox (badness 10000) in paragraph at lines 371--372
[] $\OMS/cmbrs/m/n/10 nn$\OT1/cmtl/m/n/10 (ii) while condition == true, stateme
nt is executed, expression is
 []


Overfull \hbox (6.9667pt too wide) in paragraph at lines 372--372
[][][][][][][][][] 
 []


Overfull \hbox (6.9667pt too wide) in paragraph at lines 377--377
[][][][][][][][][] 
 []


Underfull \hbox (badness 10000) in paragraph at lines 381--382
[]\OT1/cmtl/m/n/10 while[] (condition); []$\OMS/cmbrs/m/n/10 nn$ \OT1/cmtl/m/n/
10 statement is executed once, afterwards while-loop[]
 []


Underfull \hbox (badness 10000) in paragraph at lines 381--382

 []


Overfull \hbox (6.9667pt too wide) in paragraph at lines 382--382
[][][][][][][][][] 
 []


Overfull \hbox (6.9667pt too wide) in paragraph at lines 395--395
[][][][][][][][][] 
 []


Overfull \hbox (6.9667pt too wide) in paragraph at lines 410--410
[][][][][][][][][] 
 []


Overfull \hbox (6.90224pt too wide) in paragraph at lines 420--420
[][][][][][][][][] 
 []


Overfull \hbox (6.9667pt too wide) in paragraph at lines 421--421
[][][][][][][][][] 
 []


Overfull \hbox (6.9667pt too wide) in paragraph at lines 422--422
[][][][][][][][][] 
 []


Overfull \hbox (6.9667pt too wide) in paragraph at lines 425--425
[][][][][][][][][] 
 []


Underfull \hbox (badness 10000) in paragraph at lines 429--430

 []


Overfull \hbox (6.9667pt too wide) in paragraph at lines 430--430
[][][][][][][][][] 
 []

[2]
Overfull \hbox (6.9667pt too wide) in paragraph at lines 433--433
[][][][][][][][][] 
 []


Overfull \hbox (6.9667pt too wide) in paragraph at lines 440--440
[][][][][][][][][] 
 []


Overfull \hbox (6.9667pt too wide) in paragraph at lines 449--449
[][][][][][][][][] 
 []

LaTeX Font Info:    Trying to load font information for OMS+cmbr on input line 
453.
(/opt/texlive/texdir/texmf-dist/tex/latex/cmbright/omscmbr.fd
File: omscmbr.fd 2005/04/13 v8.1 (WaS)
)
LaTeX Font Info:    Font shape `OMS/cmbr/m/n' in size <10> not available
(Font)              Font shape `OMS/cmbrs/m/n' tried instead on input line 453.


Overfull \hbox (6.9667pt too wide) in paragraph at lines 456--456
[][][][][][][][][] 
 []


Overfull \hbox (6.9667pt too wide) in paragraph at lines 457--457
[][][][][][][][][] 
 []


Underfull \hbox (badness 6284) in paragraph at lines 461--462
[]\OT1/cmbr/m/n/10 Datei ins Ar-beits-ver-zeich-nis der Haupt-da-tei stecken un
d durch \OT1/cmtl/m/n/10 #include
 []


Overfull \hbox (6.9667pt too wide) in paragraph at lines 466--466
[][][][][][][][][] 
 []


Overfull \hbox (6.9667pt too wide) in paragraph at lines 475--475
[][][][][][][][][] 
 []


Overfull \hbox (6.90224pt too wide) in paragraph at lines 483--483
[][][][][][][][][] 
 []


Overfull \hbox (6.9667pt too wide) in paragraph at lines 485--485
[][][][][][][][][] 
 []


Overfull \hbox (6.9667pt too wide) in paragraph at lines 489--489
[][][][][][][][][] 
 []


Overfull \hbox (6.9667pt too wide) in paragraph at lines 491--491
[][][][][][][][][] 
 []


Overfull \hbox (6.9667pt too wide) in paragraph at lines 498--498
[][][][][][][][][] 
 []


Overfull \hbox (6.9667pt too wide) in paragraph at lines 506--506
[][][][][][][][][] 
 []


Overfull \hbox (6.90224pt too wide) in paragraph at lines 515--515
[][][][][][][][][] 
 []


Overfull \hbox (6.9667pt too wide) in paragraph at lines 517--517
[][][][][][][][][] 
 []


Overfull \hbox (6.9667pt too wide) in paragraph at lines 521--521
[][][][][][][][][] 
 []


LaTeX Font Warning: Font shape `OMS/cmbr/b/n' undefined
(Font)              using `OMS/cmbr/m/n' instead
(Font)              for symbol `textbraceleft' on input line 531.

LaTeX Font Info:    Font shape `OMS/cmbr/b/n' in size <10> not available
(Font)              Font shape `OMS/cmbrs/m/n' tried instead on input line 531.


Overfull \hbox (6.9667pt too wide) in paragraph at lines 537--537
[][][][][][][][][] 
 []


Overfull \hbox (6.9667pt too wide) in paragraph at lines 551--551
[][][][][][][][][] 
 []


Overfull \hbox (6.9667pt too wide) in paragraph at lines 560--560
[][][][][][][][][] 
 []


Overfull \hbox (6.9667pt too wide) in paragraph at lines 569--569
[][][][][][][][][] 
 []


Overfull \hbox (6.9667pt too wide) in paragraph at lines 571--571
[][][][][][][][][] 
 []


Underfull \hbox (badness 10000) in paragraph at lines 573--574

 []


Overfull \hbox (6.9667pt too wide) in paragraph at lines 575--575
[][][][][][][][][] 
 []


Underfull \hbox (badness 10000) in paragraph at lines 576--578

 []


Underfull \hbox (badness 10000) in paragraph at lines 579--580

 []


Overfull \hbox (6.9667pt too wide) in paragraph at lines 588--588
[][][][][][][][][] 
 []


Overfull \hbox (6.9667pt too wide) in paragraph at lines 607--607
[][][][][][][][][] 
 []


Overfull \hbox (6.90224pt too wide) in paragraph at lines 616--616
[][][][][][][][][] 
 []


Overfull \hbox (6.9667pt too wide) in paragraph at lines 618--618
[][][][][][][][][] 
 []


Overfull \hbox (6.9667pt too wide) in paragraph at lines 620--620
[][][][][][][][][] 
 []


Overfull \hbox (6.9667pt too wide) in paragraph at lines 628--628
[][][][][][][][][] 
 []


Overfull \hbox (6.90224pt too wide) in paragraph at lines 635--635
[][][][][][][][][] 
 []


Overfull \hbox (6.9667pt too wide) in paragraph at lines 637--637
[][][][][][][][][] 
 []


Overfull \hbox (6.9667pt too wide) in paragraph at lines 640--640
[][][][][][][][][] 
 []


Overfull \hbox (6.9667pt too wide) in paragraph at lines 649--649
[][][][][][][][][] 
 []


Overfull \hbox (6.9667pt too wide) in paragraph at lines 658--658
[][][][][][][][][] 
 []


Overfull \hbox (6.9667pt too wide) in paragraph at lines 666--666
[][][][][][][][][] 
 []


Overfull \hbox (6.9667pt too wide) in paragraph at lines 668--668
[][][][][][][][][] 
 []


Underfull \hbox (badness 10000) in paragraph at lines 669--675

 []


Overfull \hbox (6.9667pt too wide) in paragraph at lines 676--676
[][][][][][][][][] 
 []


Overfull \hbox (6.9667pt too wide) in paragraph at lines 683--683
[][][][][][][][][] 
 []


Underfull \hbox (badness 10000) in paragraph at lines 687--690

 []


Overfull \hbox (6.9667pt too wide) in paragraph at lines 691--691
[][][][][][][][][] 
 []

[3]
Underfull \hbox (badness 10000) in paragraph at lines 697--698

 []


Underfull \hbox (badness 10000) in paragraph at lines 702--706

 []


LaTeX Font Warning: Font shape `OT1/cmtl/b/n' undefined
(Font)              using `OT1/cmtl/m/n' instead on input line 709.


Overfull \hbox (6.9667pt too wide) in paragraph at lines 709--709
[][][][][][][][][] 
 []


Overfull \hbox (6.90224pt too wide) in paragraph at lines 719--719
[][][][][][][][][] 
 []


Overfull \hbox (6.9667pt too wide) in paragraph at lines 721--721
[][][][][][][][][] 
 []


Overfull \hbox (6.9667pt too wide) in paragraph at lines 722--722
[][][][][][][][][] 
 []


Underfull \hbox (badness 10000) in paragraph at lines 728--729

 []


Overfull \hbox (6.9667pt too wide) in paragraph at lines 737--737
[][][][][][][][][] 
 []


Overfull \hbox (6.9667pt too wide) in paragraph at lines 744--744
[][][][][][][][][] 
 []


Overfull \hbox (6.9667pt too wide) in paragraph at lines 752--752
[][][][][][][][][] 
 []


Overfull \hbox (6.9667pt too wide) in paragraph at lines 758--758
[][][][][][][][][] 
 []


Overfull \hbox (6.9667pt too wide) in paragraph at lines 765--765
[][][][][][][][][] 
 []


Underfull \hbox (badness 10000) in paragraph at lines 766--772
[]\OT1/cmtl/m/n/10 for[] ([]char[]* it = p; it != p + el; ++it)\OMS/cmtl/m/n/10
 f []$\OMS/cmbrs/m/n/10 n$$n$ \OT1/cmtl/m/n/10 el = Anzahl Elemente im
 []


Underfull \hbox (badness 10000) in paragraph at lines 766--772

 []


Overfull \hbox (6.9667pt too wide) in paragraph at lines 773--773
[][][][][][][][][] 
 []


Overfull \hbox (6.9667pt too wide) in paragraph at lines 780--780
[][][][][][][][][] 
 []


Overfull \hbox (6.9667pt too wide) in paragraph at lines 788--788
[][][][][][][][][] 
 []


Overfull \hbox (6.9667pt too wide) in paragraph at lines 796--796
[][][][][][][][][] 
 []


Overfull \hbox (6.9667pt too wide) in paragraph at lines 803--803
[][][][][][][][][] 
 []


Overfull \hbox (16.22647pt too wide) in paragraph at lines 807--808
[]\OT1/cmtl/m/n/10 oldUniquePtr.move(newUniquePtr) ->  [] 
 []


Overfull \hbox (6.9667pt too wide) in paragraph at lines 810--810
[][][][][][][][][] 
 []


Overfull \hbox (6.9667pt too wide) in paragraph at lines 812--812
[][][][][][][][][] 
 []


Underfull \hbox (badness 10000) in paragraph at lines 818--819

 []


Overfull \hbox (6.9667pt too wide) in paragraph at lines 820--820
[][][][][][][][][] 
 []


Overfull \hbox (6.9667pt too wide) in paragraph at lines 829--829
[][][][][][][][][] 
 []


Overfull \hbox (31.56332pt too wide) in paragraph at lines 844--845
[]
 []


Underfull \hbox (badness 10000) in paragraph at lines 844--845

 []


Overfull \hbox (6.9667pt too wide) in paragraph at lines 847--847
[][][][][][][][][] 
 []


Overfull \hbox (6.9667pt too wide) in paragraph at lines 849--849
[][][][][][][][][] 
 []


Overfull \hbox (6.9667pt too wide) in paragraph at lines 859--859
[][][][][][][][][] 
 []


Overfull \hbox (6.9667pt too wide) in paragraph at lines 866--866
[][][][][][][][][] 
 []


Overfull \hbox (3.72743pt too wide) in paragraph at lines 867--874
[] 
 []


Overfull \hbox (6.9667pt too wide) in paragraph at lines 875--875
[][][][][][][][][] 
 []


Underfull \hbox (badness 10000) in paragraph at lines 876--883

 []


Underfull \hbox (badness 10000) in paragraph at lines 876--883
\OT1/cmtl/m/n/10 tnode([]char[] o, []double[] v, tnode* l, tnode* r) : op(o), v
al(v), left(l),
 []


Overfull \hbox (6.9667pt too wide) in paragraph at lines 884--884
[][][][][][][][][] 
 []


Underfull \hbox (badness 10000) in paragraph at lines 892--893

 []


Overfull \hbox (6.90224pt too wide) in paragraph at lines 931--931
[][][][][][][][][] 
 []


Overfull \hbox (6.9667pt too wide) in paragraph at lines 934--934
[][][][][][][][][] 
 []


Overfull \hbox (6.9667pt too wide) in paragraph at lines 943--943
[][][][][][][][][] 
 []

[4]
Overfull \hbox (6.9667pt too wide) in paragraph at lines 952--952
[][][][][][][][][] 
 []


Overfull \hbox (6.9667pt too wide) in paragraph at lines 956--956
[][][][][][][][][] 
 []

LaTeX Font Info:    Font shape `OT1/cmbr/b/n' in size <7> not available
(Font)              Font shape `OT1/cmbr/bx/n' tried instead on input line 958.


LaTeX Font Warning: Font shape `OT1/cmbr/bx/n' in size <7> not available
(Font)              Font shape `OT1/cmbr/m/n' tried instead on input line 958.

LaTeX Font Info:    Font shape `OT1/cmbr/b/n' in size <5> not available
(Font)              Font shape `OT1/cmbr/bx/n' tried instead on input line 958.


LaTeX Font Warning: Font shape `OT1/cmbr/bx/n' in size <5> not available
(Font)              Font shape `OT1/cmbr/m/n' tried instead on input line 958.


Overfull \hbox (6.90224pt too wide) in paragraph at lines 967--967
[][][][][][][][][] 
 []


Overfull \hbox (6.9667pt too wide) in paragraph at lines 969--969
[][][][][][][][][] 
 []


Overfull \hbox (6.9667pt too wide) in paragraph at lines 977--977
[][][][][][][][][] 
 []


Overfull \hbox (6.9667pt too wide) in paragraph at lines 980--980
[][][][][][][][][] 
 []


Overfull \hbox (6.9667pt too wide) in paragraph at lines 994--994
[][][][][][][][][] 
 []

[5] (./main.aux)

LaTeX Font Warning: Some font shapes were not available, defaults substituted.

 ) 
Here is how much of TeX's memory you used:
 20844 strings out of 476024
 419344 string characters out of 5792021
 1910388 words of memory out of 5000000
 40907 multiletter control sequences out of 15000+600000
 527613 words of font info for 81 fonts, out of 8000000 for 9000
 1141 hyphenation exceptions out of 8191
 108i,16n,106p,10599b,516s stack positions out of 10000i,1000n,20000p,200000b,200000s
{/opt/texlive/texdir/texmf-dist/fonts/enc/dvips/cm-super/cm-super-ts1.enc}{/o
pt/texlive/texdir/texmf-dist/fonts/enc/dvips/base/8r.enc}</opt/texlive/texdir/t
exmf-dist/fonts/type1/public/amsfonts/cm/cmmi10.pfb></opt/texlive/texdir/texmf-
dist/fonts/type1/public/amsfonts/cm/cmsy10.pfb></opt/texlive/texdir/texmf-dist/
fonts/type1/public/hfbright/hfbr10.pfb></opt/texlive/texdir/texmf-dist/fonts/ty
pe1/public/hfbright/hfbr8.pfb></opt/texlive/texdir/texmf-dist/fonts/type1/publi
c/hfbright/hfbras10.pfb></opt/texlive/texdir/texmf-dist/fonts/type1/public/hfbr
ight/hfbrbx10.pfb></opt/texlive/texdir/texmf-dist/fonts/type1/public/hfbright/h
fbrsy10.pfb></opt/texlive/texdir/texmf-dist/fonts/type1/public/hfbright/hfbrsy8
.pfb></opt/texlive/texdir/texmf-dist/fonts/type1/public/hfbright/hftl10.pfb></o
pt/texlive/texdir/texmf-dist/fonts/type1/public/cm-super/sfbmr10.pfb></opt/texl
ive/texdir/texmf-dist/fonts/type1/urw/symbol/usyr.pfb></opt/texlive/texdir/texm
f-dist/fonts/type1/urw/times/utmri8a.pfb>
Output written on main.pdf (5 pages, 150520 bytes).
PDF statistics:
 85 PDF objects out of 1000 (max. 8388607)
 53 compressed objects within 1 object stream
 0 named destinations out of 1000 (max. 500000)
 13 words of extra memory for PDF output out of 10000 (max. 10000000)

